bzip2/1.0.6 loaded 
zlib/1.2.11 loaded 
ncurses/6.1 loaded 
libreadline/7.0 loaded 
tcl/8.6.8 loaded 
sqlite/3.24.0 loaded 
expat/2.2.6 loaded 
libpng/1.6.37 loaded 
freetype/2.9.1 loaded 
fontconfig/2.13.1 loaded 
libgpg-error/1.32 loaded 
libgcrypt/1.8.3 loaded 
libxslt/1.1.32 loaded 
x11/20180604 loaded 
tk/8.6.8 loaded 
coreutils/8.30 loaded 
gmp/6.1.2 loaded 
libffi/3.2.1 loaded 
openssl/1.1.0i loaded 
python/3.6.8 loaded 
slurmstepd: error: *** JOB 3528219 ON c7317 CANCELLED AT 2019-12-19T19:10:06 DUE TO TIME LIMIT ***
